[4/3/2023 23:12:4] /goto adm
[4/3/2023 23:24:29] /aqwreload 3
[4/3/2023 23:24:32] /aqwreload 2
[4/3/2023 23:24:34] /aqwreload 4
[4/3/2023 23:24:36] /aqwreload 5
[4/3/2023 23:24:38] /aqwreload 6
[4/3/2023 23:24:40] /aqwreload 7
[4/3/2023 23:24:41] /aqwreload 8
[4/3/2023 23:24:43] /aqwreload 9
[4/3/2023 23:24:45] /aqwreload 1
[4/3/2023 23:25:25] /aqwreload 1
[4/3/2023 23:26:10] /aqwstorage Deus Website, 0
[4/3/2023 23:26:13] /aqwstorage Deus Website, 0
[4/3/2023 23:26:17] /aqwstorage Deus Website,0
[4/3/2023 23:26:18] /aqwstorage Deus Website,0
[4/3/2023 23:26:22] /aqwstorage Deus Website,7128141
[4/3/2023 23:26:25] /aqwstorage Deus Website,7128141, 0
[4/3/2023 23:26:27] /aqwstorage Deus Website,7128141
[4/3/2023 23:26:33] /aqwstorage Deus Website,7128141
[4/3/2023 23:27:0] /aqwstorage Deus Website,7128141
[4/3/2023 23:27:1] /aqwstorage Deus Website,7128141
[4/3/2023 23:27:3] /aqwstorage Deus Website,7128141
[4/3/2023 23:27:16] /aqwstorage Deus Website,7128140
[4/3/2023 23:27:18] /aqwstorage Deus Website,7128140, 1
[4/3/2023 23:27:23] /aqwstorage Deus Website,7128140,0
[4/3/2023 23:27:25] /aqwstorage Deus Website,7128140
[4/3/2023 23:28:9] /aqwreload 1
[4/3/2023 23:28:21] /aqwstorage Deus Website,7128140
[4/3/2023 23:28:25] /aqwstorage Deus Website,7128141
[7/3/2023 18:13:38] /goto brzs
[7/3/2023 18:13:40] /t
[9/3/2023 17:30:4] /aqwi obito vocation
[9/3/2023 17:32:37] /t
[10/3/2023 1:49:23] /goto Kurumade
[11/3/2023 20:5:39] /t
[11/3/2023 20:7:13] /newtype 2142
[11/3/2023 20:7:23] /newtype 2143
[11/3/2023 20:7:45] /newtype 2143
[11/3/2023 20:8:1] /newtype 2144
[11/3/2023 20:8:5] /newtype 2145
[11/3/2023 20:8:29] /newtype 2146
[11/3/2023 20:8:39] /newtype 2147
[11/3/2023 20:8:57] /newtype 2148
[11/3/2023 20:8:59] /newtype 2149
[11/3/2023 20:11:3] /newtype 2219
[11/3/2023 20:11:11] /newtype 2220
[11/3/2023 20:11:21] /newtype 2220
[11/3/2023 20:11:26] /newtype 2221
[11/3/2023 20:11:37] /newtype 2222
[11/3/2023 20:11:57] /newtype 2223
[11/3/2023 20:11:58] /newtype 2224
[11/3/2023 20:11:59] /newtype 2225
[11/3/2023 20:12:15] /newtype 2226
[11/3/2023 20:12:27] /newtype 2226
[11/3/2023 20:12:41] /newtype 2226
[11/3/2023 20:14:16] /newtype 2227
[11/3/2023 20:14:36] /newtype 2226
[11/3/2023 20:14:38] /newtype 2227
[11/3/2023 20:14:39] /newtype 2228
[11/3/2023 20:14:41] /newtype 2227
[11/3/2023 20:16:15] /newtype 2119
[11/3/2023 20:16:37] /newtype 2120
[11/3/2023 20:16:47] /newtype 2121
[11/3/2023 20:16:56] /newtype 2122
[11/3/2023 20:17:6] /newtype 2122
[11/3/2023 20:17:41] /newtype 2121
[11/3/2023 20:17:42] /newtype 2122
[11/3/2023 20:17:49] /newtype 2123
[11/3/2023 20:18:5] /newtype 2124
[11/3/2023 20:18:22] /newtype 2125
[11/3/2023 20:18:44] /newtype 2126
[11/3/2023 20:18:55] /newtype 2127
[11/3/2023 20:19:0] /newtype 841
[11/3/2023 20:19:2] /newtype 2127
[11/3/2023 20:19:6] /newtype 2128
[11/3/2023 20:19:10] /newtype 1402
[11/3/2023 20:19:13] /newtype 2128
[11/3/2023 20:19:20] /newtype 2129
[11/3/2023 20:19:23] /newtype 2130
[11/3/2023 20:19:36] /newtype 2131
[11/3/2023 20:19:39] /newtype 2132
[11/3/2023 20:19:41] /newtype 2133
[11/3/2023 20:19:42] /newtype 2134
[11/3/2023 20:19:43] /newtype 2135
[11/3/2023 20:19:44] /newtype 2136
[11/3/2023 20:19:45] /newtype 2136
[11/3/2023 20:21:15] /newtype 2213
[11/3/2023 20:21:39] /newtype 2214
[11/3/2023 20:22:4] /newtype 2215
[11/3/2023 20:22:6] /newtype 2216
[11/3/2023 20:22:7] /newtype 2217
[11/3/2023 20:22:8] /newtype 2218
[11/3/2023 20:22:10] /newtype 2219
[13/3/2023 1:35:12] /aqwi 12071
[13/3/2023 1:35:17] /aqwi 12071
[13/3/2023 1:35:22] /aqwi 11131
[13/3/2023 1:35:23] /aqwi 11131
[13/3/2023 1:35:30] /aqwi 18568
[13/3/2023 1:35:31] /aqwi 18568
[13/3/2023 1:35:36] /aqwi 11130
[13/3/2023 1:35:37] /aqwi 11130
[13/3/2023 1:35:44] /aqwi 18570
[13/3/2023 1:35:45] /aqwi 18570
[13/3/2023 1:35:49] /aqwi 18565
[13/3/2023 1:35:50] /aqwi 18565
[13/3/2023 1:37:3] /aqwi naruto vocation
[13/3/2023 1:37:50] /aqwaddlevel Deus Website, 30
[13/3/2023 1:37:52] /aqwaddlevel Deus Website, 30
[13/3/2023 1:39:4] /b ATUALIZEM O CLIENT PARA N BUGAREM
[13/3/2023 1:39:5] /b ATUALIZEM O CLIENT PARA N BUGAREM
[13/3/2023 1:39:5] /b ATUALIZEM O CLIENT PARA N BUGAREM
[13/3/2023 1:39:6] /b ATUALIZEM O CLIENT PARA N BUGAREM
[13/3/2023 1:42:55] /goto rinaota
[13/3/2023 1:44:0] /t
[13/3/2023 1:44:10] /m trainer
[13/3/2023 1:50:3] /goto Rinaota
[13/3/2023 1:57:4] /goto pcr lyzed you
[13/3/2023 1:57:9] /goto pcr lyzed you
[13/3/2023 1:57:15] /goto Pcr Lyzed You
[13/3/2023 1:57:18] /goto Pcr Lyzed You
[13/3/2023 1:57:26] /goto Pcr Lyzed You
[13/3/2023 2:3:36] /c porteiro
[19/3/2023 16:40:39] /reload actionm
[19/3/2023 16:40:40] /reload action
[27/3/2023 1:20:16] /goto lpunisher
[27/3/2023 1:20:54] /m bunshin mizuki
[27/3/2023 1:21:37] /c lpunisher
[27/3/2023 1:21:39] /m bunshin mizuki
[27/3/2023 1:22:9] /goto bunshin mizuki
[27/3/2023 1:22:16] /m bunshin mizuki
[27/3/2023 1:22:47] /m bunshin mizuki
[27/3/2023 1:23:20] /m bunshin mizuki
[27/3/2023 1:23:48] /m bunshin mizuki
[27/3/2023 1:23:58] /m bunshin mizuki
[27/3/2023 1:24:42] /t
[27/3/2023 1:39:52] /goto moisesp
[27/3/2023 1:40:1] /t
[27/3/2023 2:8:37] /goto crofty
[27/3/2023 2:8:57] /m demon
[27/3/2023 2:9:15] /r
[27/3/2023 2:9:23] /a 3
[27/3/2023 2:9:26] /a 3
[27/3/2023 2:9:30] /a 3
[27/3/2023 2:9:44] /a 3
[27/3/2023 2:9:45] /a 3
[27/3/2023 2:9:54] /t
[27/3/2023 2:58:0] /goto crofty
[27/3/2023 2:58:4] /a 2
[27/3/2023 2:58:5] /a 2
[27/3/2023 2:58:6] /a 2
[27/3/2023 2:58:9] /c crofty
[27/3/2023 2:58:17] /goto moisesp
[27/3/2023 2:58:25] /goto ywin
[27/3/2023 2:58:36] /c mec beee
[27/3/2023 2:58:37] /c mec bee
[27/3/2023 2:58:39] /c crofty
[27/3/2023 2:58:57] /a 10
[27/3/2023 2:58:58] /a 10
[27/3/2023 2:58:58] /a 10
[27/3/2023 2:58:59] /a 10
[27/3/2023 2:59:6] /goto crofty
[27/3/2023 3:4:20] /goto moisesp
[27/3/2023 3:4:27] /r
[27/3/2023 3:4:28] /r
[27/3/2023 3:4:29] /r
[27/3/2023 3:4:30] /r
[27/3/2023 3:4:31] /r
[27/3/2023 3:4:32] /r
[27/3/2023 3:4:35] /r
