This file contains any messages produced by compilers while
running configure, to aid debugging if configure makes a mistake.

It was created by OTXServer configure 2.X.Series, which was
generated by GNU Autoconf 2.69.  Invocation command line was

  $ ./configure --enable-server-diag --enable-mysql --enable-root-permission

## --------- ##
## Platform. ##
## --------- ##

hostname = ns515956.ip-167-114-210.net
uname -m = x86_64
uname -r = 3.2.0-4-amd64
uname -s = Linux
uname -v = #1 SMP Debian 3.2.68-1+deb7u6

/usr/bin/uname -p = unknown
/bin/uname -X     = unknown

/bin/arch              = unknown
/usr/bin/arch -k       = unknown
/usr/convex/getsysinfo = unknown
/usr/bin/hostinfo      = unknown
/bin/machine           = unknown
/usr/bin/oslevel       = unknown
/bin/universe          = unknown

PATH: /usr/local/sbin
PATH: /usr/local/bin
PATH: /usr/sbin
PATH: /usr/bin
PATH: /sbin
PATH: /bin


## ----------- ##
## Core tests. ##
## ----------- ##

configure:2445: checking for a BSD-compatible install
configure:2513: result: /usr/bin/install -c
configure:2524: checking whether build environment is sane
configure:2574: result: yes
configure:2715: checking for a thread-safe mkdir -p
configure:2754: result: /bin/mkdir -p
configure:2767: checking for gawk
configure:2797: result: no
configure:2767: checking for mawk
configure:2783: found /usr/bin/mawk
configure:2794: result: mawk
configure:2805: checking whether make sets $(MAKE)
configure:2827: result: yes
configure:2856: checking whether make supports nested variables
configure:2873: result: yes
configure:2960: checking whether make supports nested variables
configure:2977: result: yes
configure:3047: checking for g++
configure:3063: found /usr/bin/g++
configure:3074: result: g++
configure:3101: checking for C++ compiler version
configure:3110: g++ --version >&5
g++ (Debian 4.7.2-5) 4.7.2
Copyright (C) 2012 Free Software Foundation, Inc.
This is free software; see the source for copying conditions.  There is NO
warranty; not even for MERCHANTABILITY or FITNESS FOR A PARTICULAR PURPOSE.

configure:3121: $? = 0
configure:3110: g++ -v >&5
Using built-in specs.
COLLECT_GCC=g++
COLLECT_LTO_WRAPPER=/usr/lib/gcc/x86_64-linux-gnu/4.7/lto-wrapper
Target: x86_64-linux-gnu
Configured with: ../src/configure -v --with-pkgversion='Debian 4.7.2-5' --with-bugurl=file:///usr/share/doc/gcc-4.7/README.Bugs --enable-languages=c,c++,go,fortran,objc,obj-c++ --prefix=/usr --program-suffix=-4.7 --enable-shared --enable-linker-build-id --with-system-zlib --libexecdir=/usr/lib --without-included-gettext --enable-threads=posix --with-gxx-include-dir=/usr/include/c++/4.7 --libdir=/usr/lib --enable-nls --with-sysroot=/ --enable-clocale=gnu --enable-libstdcxx-debug --enable-libstdcxx-time=yes --enable-gnu-unique-object --enable-plugin --enable-objc-gc --with-arch-32=i586 --with-tune=generic --enable-checking=release --build=x86_64-linux-gnu --host=x86_64-linux-gnu --target=x86_64-linux-gnu
Thread model: posix
gcc version 4.7.2 (Debian 4.7.2-5) 
configure:3121: $? = 0
configure:3110: g++ -V >&5
g++: error: unrecognized command line option '-V'
g++: fatal error: no input files
compilation terminated.
configure:3121: $? = 4
configure:3110: g++ -qversion >&5
g++: error: unrecognized command line option '-qversion'
g++: fatal error: no input files
compilation terminated.
configure:3121: $? = 4
configure:3141: checking whether the C++ compiler works
configure:3163: g++    conftest.cpp  >&5
configure:3167: $? = 0
configure:3215: result: yes
configure:3218: checking for C++ compiler default output file name
configure:3220: result: a.out
configure:3226: checking for suffix of executables
configure:3233: g++ -o conftest    conftest.cpp  >&5
configure:3237: $? = 0
configure:3259: result: 
configure:3281: checking whether we are cross compiling
configure:3289: g++ -o conftest    conftest.cpp  >&5
configure:3293: $? = 0
configure:3300: ./conftest
configure:3304: $? = 0
configure:3319: result: no
configure:3324: checking for suffix of object files
configure:3346: g++ -c   conftest.cpp >&5
configure:3350: $? = 0
configure:3371: result: o
configure:3375: checking whether we are using the GNU C++ compiler
configure:3394: g++ -c   conftest.cpp >&5
configure:3394: $? = 0
configure:3403: result: yes
configure:3412: checking whether g++ accepts -g
configure:3432: g++ -c -g  conftest.cpp >&5
configure:3432: $? = 0
configure:3473: result: yes
configure:3507: checking for style of include used by make
configure:3535: result: GNU
configure:3561: checking dependency style of g++
configure:3672: result: gcc3
configure:3951: checking how to run the C++ preprocessor
configure:3978: g++ -E  conftest.cpp
configure:3978: $? = 0
configure:3992: g++ -E  conftest.cpp
conftest.cpp:11:28: fatal error: ac_nonexistent.h: No such file or directory
compilation terminated.
configure:3992: $? = 1
configure: failed program was:
| /* confdefs.h */
| #define PACKAGE_NAME "OTXServer"
| #define PACKAGE_TARNAME "otxserver"
| #define PACKAGE_VERSION "2.X.Series"
| #define PACKAGE_STRING "OTXServer 2.X.Series"
| #define PACKAGE_BUGREPORT ""
| #define PACKAGE_URL ""
| #define PACKAGE "otxserver"
| #define VERSION "2.X.Series"
| /* end confdefs.h.  */
| #include <ac_nonexistent.h>
configure:4017: result: g++ -E
configure:4037: g++ -E  conftest.cpp
configure:4037: $? = 0
configure:4051: g++ -E  conftest.cpp
conftest.cpp:11:28: fatal error: ac_nonexistent.h: No such file or directory
compilation terminated.
configure:4051: $? = 1
configure: failed program was:
| /* confdefs.h */
| #define PACKAGE_NAME "OTXServer"
| #define PACKAGE_TARNAME "otxserver"
| #define PACKAGE_VERSION "2.X.Series"
| #define PACKAGE_STRING "OTXServer 2.X.Series"
| #define PACKAGE_BUGREPORT ""
| #define PACKAGE_URL ""
| #define PACKAGE "otxserver"
| #define VERSION "2.X.Series"
| /* end confdefs.h.  */
| #include <ac_nonexistent.h>
configure:4080: checking for grep that handles long lines and -e
configure:4138: result: /bin/grep
configure:4143: checking for egrep
configure:4205: result: /bin/grep -E
configure:4210: checking for ANSI C header files
configure:4230: g++ -c -g -O2  conftest.cpp >&5
configure:4230: $? = 0
configure:4303: g++ -o conftest -g -O2   conftest.cpp  >&5
configure:4303: $? = 0
configure:4303: ./conftest
configure:4303: $? = 0
configure:4314: result: yes
configure:4327: checking for sys/types.h
configure:4327: g++ -c -g -O2  conftest.cpp >&5
configure:4327: $? = 0
configure:4327: result: yes
configure:4327: checking for sys/stat.h
configure:4327: g++ -c -g -O2  conftest.cpp >&5
configure:4327: $? = 0
configure:4327: result: yes
configure:4327: checking for stdlib.h
configure:4327: g++ -c -g -O2  conftest.cpp >&5
configure:4327: $? = 0
configure:4327: result: yes
configure:4327: checking for string.h
configure:4327: g++ -c -g -O2  conftest.cpp >&5
configure:4327: $? = 0
configure:4327: result: yes
configure:4327: checking for memory.h
configure:4327: g++ -c -g -O2  conftest.cpp >&5
configure:4327: $? = 0
configure:4327: result: yes
configure:4327: checking for strings.h
configure:4327: g++ -c -g -O2  conftest.cpp >&5
configure:4327: $? = 0
configure:4327: result: yes
configure:4327: checking for inttypes.h
configure:4327: g++ -c -g -O2  conftest.cpp >&5
configure:4327: $? = 0
configure:4327: result: yes
configure:4327: checking for stdint.h
configure:4327: g++ -c -g -O2  conftest.cpp >&5
configure:4327: $? = 0
configure:4327: result: yes
configure:4327: checking for unistd.h
configure:4327: g++ -c -g -O2  conftest.cpp >&5
configure:4327: $? = 0
configure:4327: result: yes
configure:4342: checking arpa/inet.h usability
configure:4342: g++ -c -g -O2  conftest.cpp >&5
configure:4342: $? = 0
configure:4342: result: yes
configure:4342: checking arpa/inet.h presence
configure:4342: g++ -E  conftest.cpp
configure:4342: $? = 0
configure:4342: result: yes
configure:4342: checking for arpa/inet.h
configure:4342: result: yes
configure:4342: checking netdb.h usability
configure:4342: g++ -c -g -O2  conftest.cpp >&5
configure:4342: $? = 0
configure:4342: result: yes
configure:4342: checking netdb.h presence
configure:4342: g++ -E  conftest.cpp
configure:4342: $? = 0
configure:4342: result: yes
configure:4342: checking for netdb.h
configure:4342: result: yes
configure:4342: checking netinet/in.h usability
configure:4342: g++ -c -g -O2  conftest.cpp >&5
configure:4342: $? = 0
configure:4342: result: yes
configure:4342: checking netinet/in.h presence
configure:4342: g++ -E  conftest.cpp
configure:4342: $? = 0
configure:4342: result: yes
configure:4342: checking for netinet/in.h
configure:4342: result: yes
configure:4342: checking stddef.h usability
configure:4342: g++ -c -g -O2  conftest.cpp >&5
configure:4342: $? = 0
configure:4342: result: yes
configure:4342: checking stddef.h presence
configure:4342: g++ -E  conftest.cpp
configure:4342: $? = 0
configure:4342: result: yes
configure:4342: checking for stddef.h
configure:4342: result: yes
configure:4342: checking for stdint.h
configure:4342: result: yes
configure:4342: checking for stdlib.h
configure:4342: result: yes
configure:4342: checking sys/socket.h usability
configure:4342: g++ -c -g -O2  conftest.cpp >&5
configure:4342: $? = 0
configure:4342: result: yes
configure:4342: checking sys/socket.h presence
configure:4342: g++ -E  conftest.cpp
configure:4342: $? = 0
configure:4342: result: yes
configure:4342: checking for sys/socket.h
configure:4342: result: yes
configure:4342: checking sys/timeb.h usability
configure:4342: g++ -c -g -O2  conftest.cpp >&5
configure:4342: $? = 0
configure:4342: result: yes
configure:4342: checking sys/timeb.h presence
configure:4342: g++ -E  conftest.cpp
configure:4342: $? = 0
configure:4342: result: yes
configure:4342: checking for sys/timeb.h
configure:4342: result: yes
configure:4354: checking for stdbool.h that conforms to C99
configure:4421: g++ -c -g -O2  conftest.cpp >&5
configure:4421: $? = 0
configure:4428: result: yes
configure:4430: checking for _Bool
configure:4430: g++ -c -g -O2  conftest.cpp >&5
conftest.cpp: In function 'int main()':
conftest.cpp:65:13: error: '_Bool' was not declared in this scope
configure:4430: $? = 1
configure: failed program was:
| /* confdefs.h */
| #define PACKAGE_NAME "OTXServer"
| #define PACKAGE_TARNAME "otxserver"
| #define PACKAGE_VERSION "2.X.Series"
| #define PACKAGE_STRING "OTXServer 2.X.Series"
| #define PACKAGE_BUGREPORT ""
| #define PACKAGE_URL ""
| #define PACKAGE "otxserver"
| #define VERSION "2.X.Series"
| #define STDC_HEADERS 1
| #define HAVE_SYS_TYPES_H 1
| #define HAVE_SYS_STAT_H 1
| #define HAVE_STDLIB_H 1
| #define HAVE_STRING_H 1
| #define HAVE_MEMORY_H 1
| #define HAVE_STRINGS_H 1
| #define HAVE_INTTYPES_H 1
| #define HAVE_STDINT_H 1
| #define HAVE_UNISTD_H 1
| #define HAVE_ARPA_INET_H 1
| #define HAVE_NETDB_H 1
| #define HAVE_NETINET_IN_H 1
| #define HAVE_STDDEF_H 1
| #define HAVE_STDINT_H 1
| #define HAVE_STDLIB_H 1
| #define HAVE_SYS_SOCKET_H 1
| #define HAVE_SYS_TIMEB_H 1
| /* end confdefs.h.  */
| #include <stdio.h>
| #ifdef HAVE_SYS_TYPES_H
| # include <sys/types.h>
| #endif
| #ifdef HAVE_SYS_STAT_H
| # include <sys/stat.h>
| #endif
| #ifdef STDC_HEADERS
| # include <stdlib.h>
| # include <stddef.h>
| #else
| # ifdef HAVE_STDLIB_H
| #  include <stdlib.h>
| # endif
| #endif
| #ifdef HAVE_STRING_H
| # if !defined STDC_HEADERS && defined HAVE_MEMORY_H
| #  include <memory.h>
| # endif
| # include <string.h>
| #endif
| #ifdef HAVE_STRINGS_H
| # include <strings.h>
| #endif
| #ifdef HAVE_INTTYPES_H
| # include <inttypes.h>
| #endif
| #ifdef HAVE_STDINT_H
| # include <stdint.h>
| #endif
| #ifdef HAVE_UNISTD_H
| # include <unistd.h>
| #endif
| int
| main ()
| {
| if (sizeof (_Bool))
| 	 return 0;
|   ;
|   return 0;
| }
configure:4430: result: no
configure:4447: checking for an ANSI C-conforming const
configure:4513: g++ -c -g -O2  conftest.cpp >&5
configure:4513: $? = 0
configure:4520: result: yes
configure:4528: checking for inline
configure:4544: g++ -c -g -O2  conftest.cpp >&5
configure:4544: $? = 0
configure:4552: result: inline
configure:4570: checking for int16_t
configure:4570: g++ -c -g -O2  conftest.cpp >&5
configure:4570: $? = 0
configure:4570: g++ -c -g -O2  conftest.cpp >&5
conftest.cpp: In function 'int main()':
conftest.cpp:68:58: error: size of array 'test_array' is negative
configure:4570: $? = 1
configure: failed program was:
| /* confdefs.h */
| #define PACKAGE_NAME "OTXServer"
| #define PACKAGE_TARNAME "otxserver"
| #define PACKAGE_VERSION "2.X.Series"
| #define PACKAGE_STRING "OTXServer 2.X.Series"
| #define PACKAGE_BUGREPORT ""
| #define PACKAGE_URL ""
| #define PACKAGE "otxserver"
| #define VERSION "2.X.Series"
| #define STDC_HEADERS 1
| #define HAVE_SYS_TYPES_H 1
| #define HAVE_SYS_STAT_H 1
| #define HAVE_STDLIB_H 1
| #define HAVE_STRING_H 1
| #define HAVE_MEMORY_H 1
| #define HAVE_STRINGS_H 1
| #define HAVE_INTTYPES_H 1
| #define HAVE_STDINT_H 1
| #define HAVE_UNISTD_H 1
| #define HAVE_ARPA_INET_H 1
| #define HAVE_NETDB_H 1
| #define HAVE_NETINET_IN_H 1
| #define HAVE_STDDEF_H 1
| #define HAVE_STDINT_H 1
| #define HAVE_STDLIB_H 1
| #define HAVE_SYS_SOCKET_H 1
| #define HAVE_SYS_TIMEB_H 1
| #define HAVE_STDBOOL_H 1
| /* end confdefs.h.  */
| #include <stdio.h>
| #ifdef HAVE_SYS_TYPES_H
| # include <sys/types.h>
| #endif
| #ifdef HAVE_SYS_STAT_H
| # include <sys/stat.h>
| #endif
| #ifdef STDC_HEADERS
| # include <stdlib.h>
| # include <stddef.h>
| #else
| # ifdef HAVE_STDLIB_H
| #  include <stdlib.h>
| # endif
| #endif
| #ifdef HAVE_STRING_H
| # if !defined STDC_HEADERS && defined HAVE_MEMORY_H
| #  include <memory.h>
| # endif
| # include <string.h>
| #endif
| #ifdef HAVE_STRINGS_H
| # include <strings.h>
| #endif
| #ifdef HAVE_INTTYPES_H
| # include <inttypes.h>
| #endif
| #ifdef HAVE_STDINT_H
| # include <stdint.h>
| #endif
| #ifdef HAVE_UNISTD_H
| # include <unistd.h>
| #endif
| 	        enum { N = 16 / 2 - 1 };
| int
| main ()
| {
| static int test_array [1 - 2 * !((int16_t) (((((int16_t) 1 << N) << N) - 1) * 2 + 1)
| 		 < (int16_t) (((((int16_t) 1 << N) << N) - 1) * 2 + 2))];
| test_array [0] = 0;
| return test_array [0];
| 
|   ;
|   return 0;
| }
configure:4570: result: yes
configure:4581: checking for int32_t
configure:4581: g++ -c -g -O2  conftest.cpp >&5
configure:4581: $? = 0
configure:4581: g++ -c -g -O2  conftest.cpp >&5
conftest.cpp: In function 'int main()':
conftest.cpp:68:55: warning: integer overflow in expression [-Woverflow]
conftest.cpp:68:58: error: size of array 'test_array' is negative
configure:4581: $? = 1
configure: failed program was:
| /* confdefs.h */
| #define PACKAGE_NAME "OTXServer"
| #define PACKAGE_TARNAME "otxserver"
| #define PACKAGE_VERSION "2.X.Series"
| #define PACKAGE_STRING "OTXServer 2.X.Series"
| #define PACKAGE_BUGREPORT ""
| #define PACKAGE_URL ""
| #define PACKAGE "otxserver"
| #define VERSION "2.X.Series"
| #define STDC_HEADERS 1
| #define HAVE_SYS_TYPES_H 1
| #define HAVE_SYS_STAT_H 1
| #define HAVE_STDLIB_H 1
| #define HAVE_STRING_H 1
| #define HAVE_MEMORY_H 1
| #define HAVE_STRINGS_H 1
| #define HAVE_INTTYPES_H 1
| #define HAVE_STDINT_H 1
| #define HAVE_UNISTD_H 1
| #define HAVE_ARPA_INET_H 1
| #define HAVE_NETDB_H 1
| #define HAVE_NETINET_IN_H 1
| #define HAVE_STDDEF_H 1
| #define HAVE_STDINT_H 1
| #define HAVE_STDLIB_H 1
| #define HAVE_SYS_SOCKET_H 1
| #define HAVE_SYS_TIMEB_H 1
| #define HAVE_STDBOOL_H 1
| /* end confdefs.h.  */
| #include <stdio.h>
| #ifdef HAVE_SYS_TYPES_H
| # include <sys/types.h>
| #endif
| #ifdef HAVE_SYS_STAT_H
| # include <sys/stat.h>
| #endif
| #ifdef STDC_HEADERS
| # include <stdlib.h>
| # include <stddef.h>
| #else
| # ifdef HAVE_STDLIB_H
| #  include <stdlib.h>
| # endif
| #endif
| #ifdef HAVE_STRING_H
| # if !defined STDC_HEADERS && defined HAVE_MEMORY_H
| #  include <memory.h>
| # endif
| # include <string.h>
| #endif
| #ifdef HAVE_STRINGS_H
| # include <strings.h>
| #endif
| #ifdef HAVE_INTTYPES_H
| # include <inttypes.h>
| #endif
| #ifdef HAVE_STDINT_H
| # include <stdint.h>
| #endif
| #ifdef HAVE_UNISTD_H
| # include <unistd.h>
| #endif
| 	        enum { N = 32 / 2 - 1 };
| int
| main ()
| {
| static int test_array [1 - 2 * !((int32_t) (((((int32_t) 1 << N) << N) - 1) * 2 + 1)
| 		 < (int32_t) (((((int32_t) 1 << N) << N) - 1) * 2 + 2))];
| test_array [0] = 0;
| return test_array [0];
| 
|   ;
|   return 0;
| }
configure:4581: result: yes
configure:4592: checking for int64_t
configure:4592: g++ -c -g -O2  conftest.cpp >&5
configure:4592: $? = 0
configure:4592: g++ -c -g -O2  conftest.cpp >&5
conftest.cpp: In function 'int main()':
conftest.cpp:68:55: warning: integer overflow in expression [-Woverflow]
conftest.cpp:68:58: error: size of array 'test_array' is negative
configure:4592: $? = 1
configure: failed program was:
| /* confdefs.h */
| #define PACKAGE_NAME "OTXServer"
| #define PACKAGE_TARNAME "otxserver"
| #define PACKAGE_VERSION "2.X.Series"
| #define PACKAGE_STRING "OTXServer 2.X.Series"
| #define PACKAGE_BUGREPORT ""
| #define PACKAGE_URL ""
| #define PACKAGE "otxserver"
| #define VERSION "2.X.Series"
| #define STDC_HEADERS 1
| #define HAVE_SYS_TYPES_H 1
| #define HAVE_SYS_STAT_H 1
| #define HAVE_STDLIB_H 1
| #define HAVE_STRING_H 1
| #define HAVE_MEMORY_H 1
| #define HAVE_STRINGS_H 1
| #define HAVE_INTTYPES_H 1
| #define HAVE_STDINT_H 1
| #define HAVE_UNISTD_H 1
| #define HAVE_ARPA_INET_H 1
| #define HAVE_NETDB_H 1
| #define HAVE_NETINET_IN_H 1
| #define HAVE_STDDEF_H 1
| #define HAVE_STDINT_H 1
| #define HAVE_STDLIB_H 1
| #define HAVE_SYS_SOCKET_H 1
| #define HAVE_SYS_TIMEB_H 1
| #define HAVE_STDBOOL_H 1
| /* end confdefs.h.  */
| #include <stdio.h>
| #ifdef HAVE_SYS_TYPES_H
| # include <sys/types.h>
| #endif
| #ifdef HAVE_SYS_STAT_H
| # include <sys/stat.h>
| #endif
| #ifdef STDC_HEADERS
| # include <stdlib.h>
| # include <stddef.h>
| #else
| # ifdef HAVE_STDLIB_H
| #  include <stdlib.h>
| # endif
| #endif
| #ifdef HAVE_STRING_H
| # if !defined STDC_HEADERS && defined HAVE_MEMORY_H
| #  include <memory.h>
| # endif
| # include <string.h>
| #endif
| #ifdef HAVE_STRINGS_H
| # include <strings.h>
| #endif
| #ifdef HAVE_INTTYPES_H
| # include <inttypes.h>
| #endif
| #ifdef HAVE_STDINT_H
| # include <stdint.h>
| #endif
| #ifdef HAVE_UNISTD_H
| # include <unistd.h>
| #endif
| 	        enum { N = 64 / 2 - 1 };
| int
| main ()
| {
| static int test_array [1 - 2 * !((int64_t) (((((int64_t) 1 << N) << N) - 1) * 2 + 1)
| 		 < (int64_t) (((((int64_t) 1 << N) << N) - 1) * 2 + 2))];
| test_array [0] = 0;
| return test_array [0];
| 
|   ;
|   return 0;
| }
configure:4592: result: yes
configure:4603: checking for size_t
configure:4603: g++ -c -g -O2  conftest.cpp >&5
configure:4603: $? = 0
configure:4603: g++ -c -g -O2  conftest.cpp >&5
conftest.cpp: In function 'int main()':
conftest.cpp:66:20: error: expected primary-expression before ')' token
configure:4603: $? = 1
configure: failed program was:
| /* confdefs.h */
| #define PACKAGE_NAME "OTXServer"
| #define PACKAGE_TARNAME "otxserver"
| #define PACKAGE_VERSION "2.X.Series"
| #define PACKAGE_STRING "OTXServer 2.X.Series"
| #define PACKAGE_BUGREPORT ""
| #define PACKAGE_URL ""
| #define PACKAGE "otxserver"
| #define VERSION "2.X.Series"
| #define STDC_HEADERS 1
| #define HAVE_SYS_TYPES_H 1
| #define HAVE_SYS_STAT_H 1
| #define HAVE_STDLIB_H 1
| #define HAVE_STRING_H 1
| #define HAVE_MEMORY_H 1
| #define HAVE_STRINGS_H 1
| #define HAVE_INTTYPES_H 1
| #define HAVE_STDINT_H 1
| #define HAVE_UNISTD_H 1
| #define HAVE_ARPA_INET_H 1
| #define HAVE_NETDB_H 1
| #define HAVE_NETINET_IN_H 1
| #define HAVE_STDDEF_H 1
| #define HAVE_STDINT_H 1
| #define HAVE_STDLIB_H 1
| #define HAVE_SYS_SOCKET_H 1
| #define HAVE_SYS_TIMEB_H 1
| #define HAVE_STDBOOL_H 1
| /* end confdefs.h.  */
| #include <stdio.h>
| #ifdef HAVE_SYS_TYPES_H
| # include <sys/types.h>
| #endif
| #ifdef HAVE_SYS_STAT_H
| # include <sys/stat.h>
| #endif
| #ifdef STDC_HEADERS
| # include <stdlib.h>
| # include <stddef.h>
| #else
| # ifdef HAVE_STDLIB_H
| #  include <stdlib.h>
| # endif
| #endif
| #ifdef HAVE_STRING_H
| # if !defined STDC_HEADERS && defined HAVE_MEMORY_H
| #  include <memory.h>
| # endif
| # include <string.h>
| #endif
| #ifdef HAVE_STRINGS_H
| # include <strings.h>
| #endif
| #ifdef HAVE_INTTYPES_H
| # include <inttypes.h>
| #endif
| #ifdef HAVE_STDINT_H
| # include <stdint.h>
| #endif
| #ifdef HAVE_UNISTD_H
| # include <unistd.h>
| #endif
| int
| main ()
| {
| if (sizeof ((size_t)))
| 	    return 0;
|   ;
|   return 0;
| }
configure:4603: result: yes
configure:4614: checking whether struct tm is in sys/time.h or time.h
configure:4634: g++ -c -g -O2  conftest.cpp >&5
configure:4634: $? = 0
configure:4641: result: time.h
configure:4649: checking for uint16_t
configure:4649: g++ -c -g -O2  conftest.cpp >&5
configure:4649: $? = 0
configure:4649: result: yes
configure:4661: checking for uint32_t
configure:4661: g++ -c -g -O2  conftest.cpp >&5
configure:4661: $? = 0
configure:4661: result: yes
configure:4675: checking for uint64_t
configure:4675: g++ -c -g -O2  conftest.cpp >&5
configure:4675: $? = 0
configure:4675: result: yes
configure:4689: checking for uint8_t
configure:4689: g++ -c -g -O2  conftest.cpp >&5
configure:4689: $? = 0
configure:4689: result: yes
configure:4703: checking for ptrdiff_t
configure:4703: g++ -c -g -O2  conftest.cpp >&5
configure:4703: $? = 0
configure:4703: g++ -c -g -O2  conftest.cpp >&5
conftest.cpp: In function 'int main()':
conftest.cpp:66:23: error: expected primary-expression before ')' token
configure:4703: $? = 1
configure: failed program was:
| /* confdefs.h */
| #define PACKAGE_NAME "OTXServer"
| #define PACKAGE_TARNAME "otxserver"
| #define PACKAGE_VERSION "2.X.Series"
| #define PACKAGE_STRING "OTXServer 2.X.Series"
| #define PACKAGE_BUGREPORT ""
| #define PACKAGE_URL ""
| #define PACKAGE "otxserver"
| #define VERSION "2.X.Series"
| #define STDC_HEADERS 1
| #define HAVE_SYS_TYPES_H 1
| #define HAVE_SYS_STAT_H 1
| #define HAVE_STDLIB_H 1
| #define HAVE_STRING_H 1
| #define HAVE_MEMORY_H 1
| #define HAVE_STRINGS_H 1
| #define HAVE_INTTYPES_H 1
| #define HAVE_STDINT_H 1
| #define HAVE_UNISTD_H 1
| #define HAVE_ARPA_INET_H 1
| #define HAVE_NETDB_H 1
| #define HAVE_NETINET_IN_H 1
| #define HAVE_STDDEF_H 1
| #define HAVE_STDINT_H 1
| #define HAVE_STDLIB_H 1
| #define HAVE_SYS_SOCKET_H 1
| #define HAVE_SYS_TIMEB_H 1
| #define HAVE_STDBOOL_H 1
| /* end confdefs.h.  */
| #include <stdio.h>
| #ifdef HAVE_SYS_TYPES_H
| # include <sys/types.h>
| #endif
| #ifdef HAVE_SYS_STAT_H
| # include <sys/stat.h>
| #endif
| #ifdef STDC_HEADERS
| # include <stdlib.h>
| # include <stddef.h>
| #else
| # ifdef HAVE_STDLIB_H
| #  include <stdlib.h>
| # endif
| #endif
| #ifdef HAVE_STRING_H
| # if !defined STDC_HEADERS && defined HAVE_MEMORY_H
| #  include <memory.h>
| # endif
| # include <string.h>
| #endif
| #ifdef HAVE_STRINGS_H
| # include <strings.h>
| #endif
| #ifdef HAVE_INTTYPES_H
| # include <inttypes.h>
| #endif
| #ifdef HAVE_STDINT_H
| # include <stdint.h>
| #endif
| #ifdef HAVE_UNISTD_H
| # include <unistd.h>
| #endif
| int
| main ()
| {
| if (sizeof ((ptrdiff_t)))
| 	    return 0;
|   ;
|   return 0;
| }
configure:4703: result: yes
configure:4717: checking for stdlib.h
configure:4717: result: yes
configure:4727: checking for GNU libc compatible malloc
configure:4751: g++ -o conftest -g -O2   conftest.cpp  >&5
configure:4751: $? = 0
configure:4751: ./conftest
configure:4751: $? = 0
configure:4761: result: yes
configure:4782: checking for working memcmp
configure:4825: g++ -o conftest -g -O2   conftest.cpp  >&5
configure:4825: $? = 0
configure:4825: ./conftest
configure:4825: $? = 0
configure:4835: result: yes
configure:4846: checking for stdlib.h
configure:4846: result: yes
configure:4856: checking for GNU libc compatible realloc
configure:4880: g++ -o conftest -g -O2   conftest.cpp  >&5
configure:4880: $? = 0
configure:4880: ./conftest
configure:4880: $? = 0
configure:4890: result: yes
configure:4914: checking for ceil
configure:4914: g++ -o conftest -g -O2   conftest.cpp  >&5
configure:4914: $? = 0
configure:4914: result: yes
configure:4914: checking for floor
configure:4914: g++ -o conftest -g -O2   conftest.cpp  >&5
configure:4914: $? = 0
configure:4914: result: yes
configure:4914: checking for ftime
configure:4914: g++ -o conftest -g -O2   conftest.cpp  >&5
configure:4914: $? = 0
configure:4914: result: yes
configure:4914: checking for gethostbyname
configure:4914: g++ -o conftest -g -O2   conftest.cpp  >&5
configure:4914: $? = 0
configure:4914: result: yes
configure:4914: checking for gethostname
configure:4914: g++ -o conftest -g -O2   conftest.cpp  >&5
configure:4914: $? = 0
configure:4914: result: yes
configure:4914: checking for memset
configure:4914: g++ -o conftest -g -O2   conftest.cpp  >&5
configure:4914: $? = 0
configure:4914: result: yes
configure:4914: checking for pow
configure:4914: g++ -o conftest -g -O2   conftest.cpp  >&5
configure:4914: $? = 0
configure:4914: result: yes
configure:4914: checking for sqrt
configure:4914: g++ -o conftest -g -O2   conftest.cpp  >&5
configure:4914: $? = 0
configure:4914: result: yes
configure:4914: checking for strcasecmp
configure:4914: g++ -o conftest -g -O2   conftest.cpp  >&5
configure:4914: $? = 0
configure:4914: result: yes
configure:4914: checking for strncasecmp
configure:4914: g++ -o conftest -g -O2   conftest.cpp  >&5
configure:4914: $? = 0
configure:4914: result: yes
configure:4914: checking for strstr
configure:4914: g++ -o conftest -g -O2   conftest.cpp  >&5
configure:4914: $? = 0
configure:4914: result: yes
configure:4914: checking for strtol
configure:4914: g++ -o conftest -g -O2   conftest.cpp  >&5
configure:4914: $? = 0
configure:4914: result: yes
configure:4965: checking for xml2-config
configure:4983: found /usr/bin/xml2-config
configure:4996: result: /usr/bin/xml2-config
configure:5005: checking for libxml - version >= 2.6.5
configure:5107: g++ -o conftest -g -O2  -I/usr/include/libxml2  conftest.cpp -L/usr/lib -lxml2  >&5
configure:5107: $? = 0
configure:5107: ./conftest
configure:5107: $? = 0
configure:5122: result: yes (version 2.8.0)
configure:5190: checking zlib.h usability
configure:5190: g++ -c -g -O2  conftest.cpp >&5
configure:5190: $? = 0
configure:5190: result: yes
configure:5190: checking zlib.h presence
configure:5190: g++ -E  conftest.cpp
configure:5190: $? = 0
configure:5190: result: yes
configure:5190: checking for zlib.h
configure:5190: result: yes
configure:5202: checking for main in -lz
configure:5221: g++ -o conftest -g -O2   conftest.cpp -lz   -L/usr/lib -lxml2 >&5
configure:5221: $? = 0
configure:5230: result: yes
configure:5247: checking pthread.h usability
configure:5247: g++ -c -g -O2  conftest.cpp >&5
configure:5247: $? = 0
configure:5247: result: yes
configure:5247: checking pthread.h presence
configure:5247: g++ -E  conftest.cpp
configure:5247: $? = 0
configure:5247: result: yes
configure:5247: checking for pthread.h
configure:5247: result: yes
configure:5259: checking for main in -lpthread
configure:5278: g++ -o conftest -g -O2   conftest.cpp -lpthread  -lz  -L/usr/lib -lxml2 >&5
configure:5278: $? = 0
configure:5287: result: yes
configure:5305: checking openssl/rsa.h usability
configure:5305: g++ -c -g -O2  conftest.cpp >&5
configure:5305: $? = 0
configure:5305: result: yes
configure:5305: checking openssl/rsa.h presence
configure:5305: g++ -E  conftest.cpp
configure:5305: $? = 0
configure:5305: result: yes
configure:5305: checking for openssl/rsa.h
configure:5305: result: yes
configure:5305: checking openssl/bn.h usability
configure:5305: g++ -c -g -O2  conftest.cpp >&5
configure:5305: $? = 0
configure:5305: result: yes
configure:5305: checking openssl/bn.h presence
configure:5305: g++ -E  conftest.cpp
configure:5305: $? = 0
configure:5305: result: yes
configure:5305: checking for openssl/bn.h
configure:5305: result: yes
configure:5305: checking openssl/err.h usability
configure:5305: g++ -c -g -O2  conftest.cpp >&5
configure:5305: $? = 0
configure:5305: result: yes
configure:5305: checking openssl/err.h presence
configure:5305: g++ -E  conftest.cpp
configure:5305: $? = 0
configure:5305: result: yes
configure:5305: checking for openssl/err.h
configure:5305: result: yes
configure:5305: checking openssl/sha.h usability
configure:5305: g++ -c -g -O2  conftest.cpp >&5
configure:5305: $? = 0
configure:5305: result: yes
configure:5305: checking openssl/sha.h presence
configure:5305: g++ -E  conftest.cpp
configure:5305: $? = 0
configure:5305: result: yes
configure:5305: checking for openssl/sha.h
configure:5305: result: yes
configure:5305: checking openssl/md5.h usability
configure:5305: g++ -c -g -O2  conftest.cpp >&5
configure:5305: $? = 0
configure:5305: result: yes
configure:5305: checking openssl/md5.h presence
configure:5305: g++ -E  conftest.cpp
configure:5305: $? = 0
configure:5305: result: yes
configure:5305: checking for openssl/md5.h
configure:5305: result: yes
configure:5317: checking for main in -lcrypto
configure:5336: g++ -o conftest -g -O2   conftest.cpp -lcrypto  -lpthread -lz  -L/usr/lib -lxml2 >&5
configure:5336: $? = 0
configure:5345: result: yes
configure:5360: checking for main in -lboost_thread-gcc-mt
configure:5379: g++ -o conftest -g -O2   conftest.cpp -lboost_thread-gcc-mt  -lcrypto -lpthread -lz  -L/usr/lib -lxml2 >&5
/usr/bin/ld: cannot find -lboost_thread-gcc-mt
collect2: error: ld returned 1 exit status
configure:5379: $? = 1
configure: failed program was:
| /* confdefs.h */
| #define PACKAGE_NAME "OTXServer"
| #define PACKAGE_TARNAME "otxserver"
| #define PACKAGE_VERSION "2.X.Series"
| #define PACKAGE_STRING "OTXServer 2.X.Series"
| #define PACKAGE_BUGREPORT ""
| #define PACKAGE_URL ""
| #define PACKAGE "otxserver"
| #define VERSION "2.X.Series"
| #define STDC_HEADERS 1
| #define HAVE_SYS_TYPES_H 1
| #define HAVE_SYS_STAT_H 1
| #define HAVE_STDLIB_H 1
| #define HAVE_STRING_H 1
| #define HAVE_MEMORY_H 1
| #define HAVE_STRINGS_H 1
| #define HAVE_INTTYPES_H 1
| #define HAVE_STDINT_H 1
| #define HAVE_UNISTD_H 1
| #define HAVE_ARPA_INET_H 1
| #define HAVE_NETDB_H 1
| #define HAVE_NETINET_IN_H 1
| #define HAVE_STDDEF_H 1
| #define HAVE_STDINT_H 1
| #define HAVE_STDLIB_H 1
| #define HAVE_SYS_SOCKET_H 1
| #define HAVE_SYS_TIMEB_H 1
| #define HAVE_STDBOOL_H 1
| #define HAVE_PTRDIFF_T 1
| #define HAVE_STDLIB_H 1
| #define HAVE_MALLOC 1
| #define HAVE_STDLIB_H 1
| #define HAVE_REALLOC 1
| #define HAVE_CEIL 1
| #define HAVE_FLOOR 1
| #define HAVE_FTIME 1
| #define HAVE_GETHOSTBYNAME 1
| #define HAVE_GETHOSTNAME 1
| #define HAVE_MEMSET 1
| #define HAVE_POW 1
| #define HAVE_SQRT 1
| #define HAVE_STRCASECMP 1
| #define HAVE_STRNCASECMP 1
| #define HAVE_STRSTR 1
| #define HAVE_STRTOL 1
| #define HAVE_ZLIB_H 1
| #define HAVE_LIBZ 1
| #define HAVE_PTHREAD_H 1
| #define HAVE_LIBPTHREAD 1
| #define HAVE_OPENSSL_RSA_H 1
| #define HAVE_OPENSSL_BN_H 1
| #define HAVE_OPENSSL_ERR_H 1
| #define HAVE_OPENSSL_SHA_H 1
| #define HAVE_OPENSSL_MD5_H 1
| #define HAVE_LIBCRYPTO 1
| /* end confdefs.h.  */
| 
| 
| int
| main ()
| {
| return main ();
|   ;
|   return 0;
| }
configure:5388: result: no
configure:5399: checking for main in -lboost_thread-mt
configure:5418: g++ -o conftest -g -O2   conftest.cpp -lboost_thread-mt  -lcrypto -lpthread -lz  -L/usr/lib -lxml2 >&5
configure:5418: $? = 0
configure:5427: result: yes
configure:5488: checking for main in -lboost_regex-gcc-mt
configure:5507: g++ -o conftest -g -O2   conftest.cpp -lboost_regex-gcc-mt  -lboost_thread-mt -lcrypto -lpthread -lz  -L/usr/lib -lxml2 >&5
/usr/bin/ld: cannot find -lboost_regex-gcc-mt
collect2: error: ld returned 1 exit status
configure:5507: $? = 1
configure: failed program was:
| /* confdefs.h */
| #define PACKAGE_NAME "OTXServer"
| #define PACKAGE_TARNAME "otxserver"
| #define PACKAGE_VERSION "2.X.Series"
| #define PACKAGE_STRING "OTXServer 2.X.Series"
| #define PACKAGE_BUGREPORT ""
| #define PACKAGE_URL ""
| #define PACKAGE "otxserver"
| #define VERSION "2.X.Series"
| #define STDC_HEADERS 1
| #define HAVE_SYS_TYPES_H 1
| #define HAVE_SYS_STAT_H 1
| #define HAVE_STDLIB_H 1
| #define HAVE_STRING_H 1
| #define HAVE_MEMORY_H 1
| #define HAVE_STRINGS_H 1
| #define HAVE_INTTYPES_H 1
| #define HAVE_STDINT_H 1
| #define HAVE_UNISTD_H 1
| #define HAVE_ARPA_INET_H 1
| #define HAVE_NETDB_H 1
| #define HAVE_NETINET_IN_H 1
| #define HAVE_STDDEF_H 1
| #define HAVE_STDINT_H 1
| #define HAVE_STDLIB_H 1
| #define HAVE_SYS_SOCKET_H 1
| #define HAVE_SYS_TIMEB_H 1
| #define HAVE_STDBOOL_H 1
| #define HAVE_PTRDIFF_T 1
| #define HAVE_STDLIB_H 1
| #define HAVE_MALLOC 1
| #define HAVE_STDLIB_H 1
| #define HAVE_REALLOC 1
| #define HAVE_CEIL 1
| #define HAVE_FLOOR 1
| #define HAVE_FTIME 1
| #define HAVE_GETHOSTBYNAME 1
| #define HAVE_GETHOSTNAME 1
| #define HAVE_MEMSET 1
| #define HAVE_POW 1
| #define HAVE_SQRT 1
| #define HAVE_STRCASECMP 1
| #define HAVE_STRNCASECMP 1
| #define HAVE_STRSTR 1
| #define HAVE_STRTOL 1
| #define HAVE_ZLIB_H 1
| #define HAVE_LIBZ 1
| #define HAVE_PTHREAD_H 1
| #define HAVE_LIBPTHREAD 1
| #define HAVE_OPENSSL_RSA_H 1
| #define HAVE_OPENSSL_BN_H 1
| #define HAVE_OPENSSL_ERR_H 1
| #define HAVE_OPENSSL_SHA_H 1
| #define HAVE_OPENSSL_MD5_H 1
| #define HAVE_LIBCRYPTO 1
| #define HAVE_LIBBOOST_THREAD_MT 1
| /* end confdefs.h.  */
| 
| 
| int
| main ()
| {
| return main ();
|   ;
|   return 0;
| }
configure:5516: result: no
configure:5527: checking for main in -lboost_regex-mt
configure:5546: g++ -o conftest -g -O2   conftest.cpp -lboost_regex-mt  -lboost_thread-mt -lcrypto -lpthread -lz  -L/usr/lib -lxml2 >&5
configure:5546: $? = 0
configure:5555: result: yes
configure:5616: checking for main in -lboost_system-gcc-mt
configure:5635: g++ -o conftest -g -O2   conftest.cpp -lboost_system-gcc-mt  -lboost_regex-mt -lboost_thread-mt -lcrypto -lpthread -lz  -L/usr/lib -lxml2 >&5
/usr/bin/ld: cannot find -lboost_system-gcc-mt
collect2: error: ld returned 1 exit status
configure:5635: $? = 1
configure: failed program was:
| /* confdefs.h */
| #define PACKAGE_NAME "OTXServer"
| #define PACKAGE_TARNAME "otxserver"
| #define PACKAGE_VERSION "2.X.Series"
| #define PACKAGE_STRING "OTXServer 2.X.Series"
| #define PACKAGE_BUGREPORT ""
| #define PACKAGE_URL ""
| #define PACKAGE "otxserver"
| #define VERSION "2.X.Series"
| #define STDC_HEADERS 1
| #define HAVE_SYS_TYPES_H 1
| #define HAVE_SYS_STAT_H 1
| #define HAVE_STDLIB_H 1
| #define HAVE_STRING_H 1
| #define HAVE_MEMORY_H 1
| #define HAVE_STRINGS_H 1
| #define HAVE_INTTYPES_H 1
| #define HAVE_STDINT_H 1
| #define HAVE_UNISTD_H 1
| #define HAVE_ARPA_INET_H 1
| #define HAVE_NETDB_H 1
| #define HAVE_NETINET_IN_H 1
| #define HAVE_STDDEF_H 1
| #define HAVE_STDINT_H 1
| #define HAVE_STDLIB_H 1
| #define HAVE_SYS_SOCKET_H 1
| #define HAVE_SYS_TIMEB_H 1
| #define HAVE_STDBOOL_H 1
| #define HAVE_PTRDIFF_T 1
| #define HAVE_STDLIB_H 1
| #define HAVE_MALLOC 1
| #define HAVE_STDLIB_H 1
| #define HAVE_REALLOC 1
| #define HAVE_CEIL 1
| #define HAVE_FLOOR 1
| #define HAVE_FTIME 1
| #define HAVE_GETHOSTBYNAME 1
| #define HAVE_GETHOSTNAME 1
| #define HAVE_MEMSET 1
| #define HAVE_POW 1
| #define HAVE_SQRT 1
| #define HAVE_STRCASECMP 1
| #define HAVE_STRNCASECMP 1
| #define HAVE_STRSTR 1
| #define HAVE_STRTOL 1
| #define HAVE_ZLIB_H 1
| #define HAVE_LIBZ 1
| #define HAVE_PTHREAD_H 1
| #define HAVE_LIBPTHREAD 1
| #define HAVE_OPENSSL_RSA_H 1
| #define HAVE_OPENSSL_BN_H 1
| #define HAVE_OPENSSL_ERR_H 1
| #define HAVE_OPENSSL_SHA_H 1
| #define HAVE_OPENSSL_MD5_H 1
| #define HAVE_LIBCRYPTO 1
| #define HAVE_LIBBOOST_THREAD_MT 1
| #define HAVE_LIBBOOST_REGEX_MT 1
| /* end confdefs.h.  */
| 
| 
| int
| main ()
| {
| return main ();
|   ;
|   return 0;
| }
configure:5644: result: no
configure:5655: checking for main in -lboost_system-mt
configure:5674: g++ -o conftest -g -O2   conftest.cpp -lboost_system-mt  -lboost_regex-mt -lboost_thread-mt -lcrypto -lpthread -lz  -L/usr/lib -lxml2 >&5
configure:5674: $? = 0
configure:5683: result: yes
configure:5744: checking for main in -lboost_date_time-gcc-mt
configure:5763: g++ -o conftest -g -O2   conftest.cpp -lboost_date_time-gcc-mt  -lboost_system-mt -lboost_regex-mt -lboost_thread-mt -lcrypto -lpthread -lz  -L/usr/lib -lxml2 >&5
/usr/bin/ld: cannot find -lboost_date_time-gcc-mt
collect2: error: ld returned 1 exit status
configure:5763: $? = 1
configure: failed program was:
| /* confdefs.h */
| #define PACKAGE_NAME "OTXServer"
| #define PACKAGE_TARNAME "otxserver"
| #define PACKAGE_VERSION "2.X.Series"
| #define PACKAGE_STRING "OTXServer 2.X.Series"
| #define PACKAGE_BUGREPORT ""
| #define PACKAGE_URL ""
| #define PACKAGE "otxserver"
| #define VERSION "2.X.Series"
| #define STDC_HEADERS 1
| #define HAVE_SYS_TYPES_H 1
| #define HAVE_SYS_STAT_H 1
| #define HAVE_STDLIB_H 1
| #define HAVE_STRING_H 1
| #define HAVE_MEMORY_H 1
| #define HAVE_STRINGS_H 1
| #define HAVE_INTTYPES_H 1
| #define HAVE_STDINT_H 1
| #define HAVE_UNISTD_H 1
| #define HAVE_ARPA_INET_H 1
| #define HAVE_NETDB_H 1
| #define HAVE_NETINET_IN_H 1
| #define HAVE_STDDEF_H 1
| #define HAVE_STDINT_H 1
| #define HAVE_STDLIB_H 1
| #define HAVE_SYS_SOCKET_H 1
| #define HAVE_SYS_TIMEB_H 1
| #define HAVE_STDBOOL_H 1
| #define HAVE_PTRDIFF_T 1
| #define HAVE_STDLIB_H 1
| #define HAVE_MALLOC 1
| #define HAVE_STDLIB_H 1
| #define HAVE_REALLOC 1
| #define HAVE_CEIL 1
| #define HAVE_FLOOR 1
| #define HAVE_FTIME 1
| #define HAVE_GETHOSTBYNAME 1
| #define HAVE_GETHOSTNAME 1
| #define HAVE_MEMSET 1
| #define HAVE_POW 1
| #define HAVE_SQRT 1
| #define HAVE_STRCASECMP 1
| #define HAVE_STRNCASECMP 1
| #define HAVE_STRSTR 1
| #define HAVE_STRTOL 1
| #define HAVE_ZLIB_H 1
| #define HAVE_LIBZ 1
| #define HAVE_PTHREAD_H 1
| #define HAVE_LIBPTHREAD 1
| #define HAVE_OPENSSL_RSA_H 1
| #define HAVE_OPENSSL_BN_H 1
| #define HAVE_OPENSSL_ERR_H 1
| #define HAVE_OPENSSL_SHA_H 1
| #define HAVE_OPENSSL_MD5_H 1
| #define HAVE_LIBCRYPTO 1
| #define HAVE_LIBBOOST_THREAD_MT 1
| #define HAVE_LIBBOOST_REGEX_MT 1
| #define HAVE_LIBBOOST_SYSTEM_MT 1
| /* end confdefs.h.  */
| 
| 
| int
| main ()
| {
| return main ();
|   ;
|   return 0;
| }
configure:5772: result: no
configure:5783: checking for main in -lboost_date_time-mt
configure:5802: g++ -o conftest -g -O2   conftest.cpp -lboost_date_time-mt  -lboost_system-mt -lboost_regex-mt -lboost_thread-mt -lcrypto -lpthread -lz  -L/usr/lib -lxml2 >&5
configure:5802: $? = 0
configure:5811: result: yes
configure:5872: checking for main in -lboost_filesystem-gcc-mt
configure:5891: g++ -o conftest -g -O2   conftest.cpp -lboost_filesystem-gcc-mt  -lboost_date_time-mt -lboost_system-mt -lboost_regex-mt -lboost_thread-mt -lcrypto -lpthread -lz  -L/usr/lib -lxml2 >&5
/usr/bin/ld: cannot find -lboost_filesystem-gcc-mt
collect2: error: ld returned 1 exit status
configure:5891: $? = 1
configure: failed program was:
| /* confdefs.h */
| #define PACKAGE_NAME "OTXServer"
| #define PACKAGE_TARNAME "otxserver"
| #define PACKAGE_VERSION "2.X.Series"
| #define PACKAGE_STRING "OTXServer 2.X.Series"
| #define PACKAGE_BUGREPORT ""
| #define PACKAGE_URL ""
| #define PACKAGE "otxserver"
| #define VERSION "2.X.Series"
| #define STDC_HEADERS 1
| #define HAVE_SYS_TYPES_H 1
| #define HAVE_SYS_STAT_H 1
| #define HAVE_STDLIB_H 1
| #define HAVE_STRING_H 1
| #define HAVE_MEMORY_H 1
| #define HAVE_STRINGS_H 1
| #define HAVE_INTTYPES_H 1
| #define HAVE_STDINT_H 1
| #define HAVE_UNISTD_H 1
| #define HAVE_ARPA_INET_H 1
| #define HAVE_NETDB_H 1
| #define HAVE_NETINET_IN_H 1
| #define HAVE_STDDEF_H 1
| #define HAVE_STDINT_H 1
| #define HAVE_STDLIB_H 1
| #define HAVE_SYS_SOCKET_H 1
| #define HAVE_SYS_TIMEB_H 1
| #define HAVE_STDBOOL_H 1
| #define HAVE_PTRDIFF_T 1
| #define HAVE_STDLIB_H 1
| #define HAVE_MALLOC 1
| #define HAVE_STDLIB_H 1
| #define HAVE_REALLOC 1
| #define HAVE_CEIL 1
| #define HAVE_FLOOR 1
| #define HAVE_FTIME 1
| #define HAVE_GETHOSTBYNAME 1
| #define HAVE_GETHOSTNAME 1
| #define HAVE_MEMSET 1
| #define HAVE_POW 1
| #define HAVE_SQRT 1
| #define HAVE_STRCASECMP 1
| #define HAVE_STRNCASECMP 1
| #define HAVE_STRSTR 1
| #define HAVE_STRTOL 1
| #define HAVE_ZLIB_H 1
| #define HAVE_LIBZ 1
| #define HAVE_PTHREAD_H 1
| #define HAVE_LIBPTHREAD 1
| #define HAVE_OPENSSL_RSA_H 1
| #define HAVE_OPENSSL_BN_H 1
| #define HAVE_OPENSSL_ERR_H 1
| #define HAVE_OPENSSL_SHA_H 1
| #define HAVE_OPENSSL_MD5_H 1
| #define HAVE_LIBCRYPTO 1
| #define HAVE_LIBBOOST_THREAD_MT 1
| #define HAVE_LIBBOOST_REGEX_MT 1
| #define HAVE_LIBBOOST_SYSTEM_MT 1
| #define HAVE_LIBBOOST_DATE_TIME_MT 1
| /* end confdefs.h.  */
| 
| 
| int
| main ()
| {
| return main ();
|   ;
|   return 0;
| }
configure:5900: result: no
configure:5911: checking for main in -lboost_filesystem-mt
configure:5930: g++ -o conftest -g -O2   conftest.cpp -lboost_filesystem-mt  -lboost_date_time-mt -lboost_system-mt -lboost_regex-mt -lboost_thread-mt -lcrypto -lpthread -lz  -L/usr/lib -lxml2 >&5
configure:5930: $? = 0
configure:5939: result: yes
configure:6395: checking for LUA
configure:6568: result: no
configure:6573: checking lua.h usability
configure:6573: g++ -c -g -O2  conftest.cpp >&5
conftest.cpp:95:17: fatal error: lua.h: No such file or directory
compilation terminated.
configure:6573: $? = 1
configure: failed program was:
| /* confdefs.h */
| #define PACKAGE_NAME "OTXServer"
| #define PACKAGE_TARNAME "otxserver"
| #define PACKAGE_VERSION "2.X.Series"
| #define PACKAGE_STRING "OTXServer 2.X.Series"
| #define PACKAGE_BUGREPORT ""
| #define PACKAGE_URL ""
| #define PACKAGE "otxserver"
| #define VERSION "2.X.Series"
| #define STDC_HEADERS 1
| #define HAVE_SYS_TYPES_H 1
| #define HAVE_SYS_STAT_H 1
| #define HAVE_STDLIB_H 1
| #define HAVE_STRING_H 1
| #define HAVE_MEMORY_H 1
| #define HAVE_STRINGS_H 1
| #define HAVE_INTTYPES_H 1
| #define HAVE_STDINT_H 1
| #define HAVE_UNISTD_H 1
| #define HAVE_ARPA_INET_H 1
| #define HAVE_NETDB_H 1
| #define HAVE_NETINET_IN_H 1
| #define HAVE_STDDEF_H 1
| #define HAVE_STDINT_H 1
| #define HAVE_STDLIB_H 1
| #define HAVE_SYS_SOCKET_H 1
| #define HAVE_SYS_TIMEB_H 1
| #define HAVE_STDBOOL_H 1
| #define HAVE_PTRDIFF_T 1
| #define HAVE_STDLIB_H 1
| #define HAVE_MALLOC 1
| #define HAVE_STDLIB_H 1
| #define HAVE_REALLOC 1
| #define HAVE_CEIL 1
| #define HAVE_FLOOR 1
| #define HAVE_FTIME 1
| #define HAVE_GETHOSTBYNAME 1
| #define HAVE_GETHOSTNAME 1
| #define HAVE_MEMSET 1
| #define HAVE_POW 1
| #define HAVE_SQRT 1
| #define HAVE_STRCASECMP 1
| #define HAVE_STRNCASECMP 1
| #define HAVE_STRSTR 1
| #define HAVE_STRTOL 1
| #define HAVE_ZLIB_H 1
| #define HAVE_LIBZ 1
| #define HAVE_PTHREAD_H 1
| #define HAVE_LIBPTHREAD 1
| #define HAVE_OPENSSL_RSA_H 1
| #define HAVE_OPENSSL_BN_H 1
| #define HAVE_OPENSSL_ERR_H 1
| #define HAVE_OPENSSL_SHA_H 1
| #define HAVE_OPENSSL_MD5_H 1
| #define HAVE_LIBCRYPTO 1
| #define HAVE_LIBBOOST_THREAD_MT 1
| #define HAVE_LIBBOOST_REGEX_MT 1
| #define HAVE_LIBBOOST_SYSTEM_MT 1
| #define HAVE_LIBBOOST_DATE_TIME_MT 1
| #define HAVE_LIBBOOST_FILESYSTEM_MT 1
| /* end confdefs.h.  */
| #include <stdio.h>
| #ifdef HAVE_SYS_TYPES_H
| # include <sys/types.h>
| #endif
| #ifdef HAVE_SYS_STAT_H
| # include <sys/stat.h>
| #endif
| #ifdef STDC_HEADERS
| # include <stdlib.h>
| # include <stddef.h>
| #else
| # ifdef HAVE_STDLIB_H
| #  include <stdlib.h>
| # endif
| #endif
| #ifdef HAVE_STRING_H
| # if !defined STDC_HEADERS && defined HAVE_MEMORY_H
| #  include <memory.h>
| # endif
| # include <string.h>
| #endif
| #ifdef HAVE_STRINGS_H
| # include <strings.h>
| #endif
| #ifdef HAVE_INTTYPES_H
| # include <inttypes.h>
| #endif
| #ifdef HAVE_STDINT_H
| # include <stdint.h>
| #endif
| #ifdef HAVE_UNISTD_H
| # include <unistd.h>
| #endif
| #include <lua.h>
configure:6573: result: no
configure:6573: checking lua.h presence
configure:6573: g++ -E  conftest.cpp
conftest.cpp:62:17: fatal error: lua.h: No such file or directory
compilation terminated.
configure:6573: $? = 1
configure: failed program was:
| /* confdefs.h */
| #define PACKAGE_NAME "OTXServer"
| #define PACKAGE_TARNAME "otxserver"
| #define PACKAGE_VERSION "2.X.Series"
| #define PACKAGE_STRING "OTXServer 2.X.Series"
| #define PACKAGE_BUGREPORT ""
| #define PACKAGE_URL ""
| #define PACKAGE "otxserver"
| #define VERSION "2.X.Series"
| #define STDC_HEADERS 1
| #define HAVE_SYS_TYPES_H 1
| #define HAVE_SYS_STAT_H 1
| #define HAVE_STDLIB_H 1
| #define HAVE_STRING_H 1
| #define HAVE_MEMORY_H 1
| #define HAVE_STRINGS_H 1
| #define HAVE_INTTYPES_H 1
| #define HAVE_STDINT_H 1
| #define HAVE_UNISTD_H 1
| #define HAVE_ARPA_INET_H 1
| #define HAVE_NETDB_H 1
| #define HAVE_NETINET_IN_H 1
| #define HAVE_STDDEF_H 1
| #define HAVE_STDINT_H 1
| #define HAVE_STDLIB_H 1
| #define HAVE_SYS_SOCKET_H 1
| #define HAVE_SYS_TIMEB_H 1
| #define HAVE_STDBOOL_H 1
| #define HAVE_PTRDIFF_T 1
| #define HAVE_STDLIB_H 1
| #define HAVE_MALLOC 1
| #define HAVE_STDLIB_H 1
| #define HAVE_REALLOC 1
| #define HAVE_CEIL 1
| #define HAVE_FLOOR 1
| #define HAVE_FTIME 1
| #define HAVE_GETHOSTBYNAME 1
| #define HAVE_GETHOSTNAME 1
| #define HAVE_MEMSET 1
| #define HAVE_POW 1
| #define HAVE_SQRT 1
| #define HAVE_STRCASECMP 1
| #define HAVE_STRNCASECMP 1
| #define HAVE_STRSTR 1
| #define HAVE_STRTOL 1
| #define HAVE_ZLIB_H 1
| #define HAVE_LIBZ 1
| #define HAVE_PTHREAD_H 1
| #define HAVE_LIBPTHREAD 1
| #define HAVE_OPENSSL_RSA_H 1
| #define HAVE_OPENSSL_BN_H 1
| #define HAVE_OPENSSL_ERR_H 1
| #define HAVE_OPENSSL_SHA_H 1
| #define HAVE_OPENSSL_MD5_H 1
| #define HAVE_LIBCRYPTO 1
| #define HAVE_LIBBOOST_THREAD_MT 1
| #define HAVE_LIBBOOST_REGEX_MT 1
| #define HAVE_LIBBOOST_SYSTEM_MT 1
| #define HAVE_LIBBOOST_DATE_TIME_MT 1
| #define HAVE_LIBBOOST_FILESYSTEM_MT 1
| /* end confdefs.h.  */
| #include <lua.h>
configure:6573: result: no
configure:6573: checking for lua.h
configure:6573: result: no
configure:6584: checking lua5.1/lua.h usability
configure:6584: g++ -c -g -O2  conftest.cpp >&5
configure:6584: $? = 0
configure:6584: result: yes
configure:6584: checking lua5.1/lua.h presence
configure:6584: g++ -E  conftest.cpp
configure:6584: $? = 0
configure:6584: result: yes
configure:6584: checking for lua5.1/lua.h
configure:6584: result: yes
configure:6601: checking for main in -llua
configure:6620: g++ -o conftest -g -O2   conftest.cpp -llua  -lboost_filesystem-mt -lboost_date_time-mt -lboost_system-mt -lboost_regex-mt -lboost_thread-mt -lcrypto -lpthread -lz  -L/usr/lib -lxml2 >&5
/usr/bin/ld: cannot find -llua
collect2: error: ld returned 1 exit status
configure:6620: $? = 1
configure: failed program was:
| /* confdefs.h */
| #define PACKAGE_NAME "OTXServer"
| #define PACKAGE_TARNAME "otxserver"
| #define PACKAGE_VERSION "2.X.Series"
| #define PACKAGE_STRING "OTXServer 2.X.Series"
| #define PACKAGE_BUGREPORT ""
| #define PACKAGE_URL ""
| #define PACKAGE "otxserver"
| #define VERSION "2.X.Series"
| #define STDC_HEADERS 1
| #define HAVE_SYS_TYPES_H 1
| #define HAVE_SYS_STAT_H 1
| #define HAVE_STDLIB_H 1
| #define HAVE_STRING_H 1
| #define HAVE_MEMORY_H 1
| #define HAVE_STRINGS_H 1
| #define HAVE_INTTYPES_H 1
| #define HAVE_STDINT_H 1
| #define HAVE_UNISTD_H 1
| #define HAVE_ARPA_INET_H 1
| #define HAVE_NETDB_H 1
| #define HAVE_NETINET_IN_H 1
| #define HAVE_STDDEF_H 1
| #define HAVE_STDINT_H 1
| #define HAVE_STDLIB_H 1
| #define HAVE_SYS_SOCKET_H 1
| #define HAVE_SYS_TIMEB_H 1
| #define HAVE_STDBOOL_H 1
| #define HAVE_PTRDIFF_T 1
| #define HAVE_STDLIB_H 1
| #define HAVE_MALLOC 1
| #define HAVE_STDLIB_H 1
| #define HAVE_REALLOC 1
| #define HAVE_CEIL 1
| #define HAVE_FLOOR 1
| #define HAVE_FTIME 1
| #define HAVE_GETHOSTBYNAME 1
| #define HAVE_GETHOSTNAME 1
| #define HAVE_MEMSET 1
| #define HAVE_POW 1
| #define HAVE_SQRT 1
| #define HAVE_STRCASECMP 1
| #define HAVE_STRNCASECMP 1
| #define HAVE_STRSTR 1
| #define HAVE_STRTOL 1
| #define HAVE_ZLIB_H 1
| #define HAVE_LIBZ 1
| #define HAVE_PTHREAD_H 1
| #define HAVE_LIBPTHREAD 1
| #define HAVE_OPENSSL_RSA_H 1
| #define HAVE_OPENSSL_BN_H 1
| #define HAVE_OPENSSL_ERR_H 1
| #define HAVE_OPENSSL_SHA_H 1
| #define HAVE_OPENSSL_MD5_H 1
| #define HAVE_LIBCRYPTO 1
| #define HAVE_LIBBOOST_THREAD_MT 1
| #define HAVE_LIBBOOST_REGEX_MT 1
| #define HAVE_LIBBOOST_SYSTEM_MT 1
| #define HAVE_LIBBOOST_DATE_TIME_MT 1
| #define HAVE_LIBBOOST_FILESYSTEM_MT 1
| #define HAVE_LUA5_1_LUA_H 1
| /* end confdefs.h.  */
| 
| 
| int
| main ()
| {
| return main ();
|   ;
|   return 0;
| }
configure:6629: result: no
configure:6640: checking for main in -llua5.1
configure:6659: g++ -o conftest -g -O2   conftest.cpp -llua5.1  -lboost_filesystem-mt -lboost_date_time-mt -lboost_system-mt -lboost_regex-mt -lboost_thread-mt -lcrypto -lpthread -lz  -L/usr/lib -lxml2 >&5
configure:6659: $? = 0
configure:6668: result: yes
configure:6725: checking mysql/mysql.h usability
configure:6725: g++ -c -g -O2  conftest.cpp >&5
configure:6725: $? = 0
configure:6725: result: yes
configure:6725: checking mysql/mysql.h presence
configure:6725: g++ -E  conftest.cpp
configure:6725: $? = 0
configure:6725: result: yes
configure:6725: checking for mysql/mysql.h
configure:6725: result: yes
configure:6737: checking for main in -lmysqlclient
configure:6756: g++ -o conftest -g -O2   conftest.cpp -lmysqlclient  -llua5.1 -lboost_filesystem-mt -lboost_date_time-mt -lboost_system-mt -lboost_regex-mt -lboost_thread-mt -lcrypto -lpthread -lz  -L/usr/lib -lxml2 >&5
configure:6756: $? = 0
configure:6765: result: yes
configure:7241: creating ./config.status

## ---------------------- ##
## Running config.status. ##
## ---------------------- ##

This file was extended by OTXServer config.status 2.X.Series, which was
generated by GNU Autoconf 2.69.  Invocation command line was

  CONFIG_FILES    = 
  CONFIG_HEADERS  = 
  CONFIG_LINKS    = 
  CONFIG_COMMANDS = 
  $ ./config.status 

on ns515956.ip-167-114-210.net

config.status:929: creating Makefile
config.status:929: creating config.h
config.status:1110: config.h is unchanged
config.status:1158: executing depfiles commands

## ---------------- ##
## Cache variables. ##
## ---------------- ##

ac_cv_c_const=yes
ac_cv_c_inline=inline
ac_cv_c_int16_t=yes
ac_cv_c_int32_t=yes
ac_cv_c_int64_t=yes
ac_cv_c_uint16_t=yes
ac_cv_c_uint32_t=yes
ac_cv_c_uint64_t=yes
ac_cv_c_uint8_t=yes
ac_cv_cxx_compiler_gnu=yes
ac_cv_env_CCC_set=
ac_cv_env_CCC_value=
ac_cv_env_CPPFLAGS_set=
ac_cv_env_CPPFLAGS_value=
ac_cv_env_CXXCPP_set=
ac_cv_env_CXXCPP_value=
ac_cv_env_CXXFLAGS_set=
ac_cv_env_CXXFLAGS_value=
ac_cv_env_CXX_set=
ac_cv_env_CXX_value=
ac_cv_env_LDFLAGS_set=
ac_cv_env_LDFLAGS_value=
ac_cv_env_LIBS_set=
ac_cv_env_LIBS_value=
ac_cv_env_LUA_CFLAGS_set=
ac_cv_env_LUA_CFLAGS_value=
ac_cv_env_LUA_LIBS_set=
ac_cv_env_LUA_LIBS_value=
ac_cv_env_PKG_CONFIG_LIBDIR_set=
ac_cv_env_PKG_CONFIG_LIBDIR_value=
ac_cv_env_PKG_CONFIG_PATH_set=
ac_cv_env_PKG_CONFIG_PATH_value=
ac_cv_env_PKG_CONFIG_set=
ac_cv_env_PKG_CONFIG_value=
ac_cv_env_build_alias_set=
ac_cv_env_build_alias_value=
ac_cv_env_host_alias_set=
ac_cv_env_host_alias_value=
ac_cv_env_target_alias_set=
ac_cv_env_target_alias_value=
ac_cv_func_ceil=yes
ac_cv_func_floor=yes
ac_cv_func_ftime=yes
ac_cv_func_gethostbyname=yes
ac_cv_func_gethostname=yes
ac_cv_func_malloc_0_nonnull=yes
ac_cv_func_memcmp_working=yes
ac_cv_func_memset=yes
ac_cv_func_pow=yes
ac_cv_func_realloc_0_nonnull=yes
ac_cv_func_sqrt=yes
ac_cv_func_strcasecmp=yes
ac_cv_func_strncasecmp=yes
ac_cv_func_strstr=yes
ac_cv_func_strtol=yes
ac_cv_header_arpa_inet_h=yes
ac_cv_header_inttypes_h=yes
ac_cv_header_lua5_1_lua_h=yes
ac_cv_header_lua_h=no
ac_cv_header_memory_h=yes
ac_cv_header_mysql_mysql_h=yes
ac_cv_header_netdb_h=yes
ac_cv_header_netinet_in_h=yes
ac_cv_header_openssl_bn_h=yes
ac_cv_header_openssl_err_h=yes
ac_cv_header_openssl_md5_h=yes
ac_cv_header_openssl_rsa_h=yes
ac_cv_header_openssl_sha_h=yes
ac_cv_header_pthread_h=yes
ac_cv_header_stdbool_h=yes
ac_cv_header_stdc=yes
ac_cv_header_stddef_h=yes
ac_cv_header_stdint_h=yes
ac_cv_header_stdlib_h=yes
ac_cv_header_string_h=yes
ac_cv_header_strings_h=yes
ac_cv_header_sys_socket_h=yes
ac_cv_header_sys_stat_h=yes
ac_cv_header_sys_timeb_h=yes
ac_cv_header_sys_types_h=yes
ac_cv_header_unistd_h=yes
ac_cv_header_zlib_h=yes
ac_cv_lib_boost_date_time_gcc_mt_main=no
ac_cv_lib_boost_date_time_mt_main=yes
ac_cv_lib_boost_filesystem_gcc_mt_main=no
ac_cv_lib_boost_filesystem_mt_main=yes
ac_cv_lib_boost_regex_gcc_mt_main=no
ac_cv_lib_boost_regex_mt_main=yes
ac_cv_lib_boost_system_gcc_mt_main=no
ac_cv_lib_boost_system_mt_main=yes
ac_cv_lib_boost_thread_gcc_mt_main=no
ac_cv_lib_boost_thread_mt_main=yes
ac_cv_lib_crypto_main=yes
ac_cv_lib_lua5_1_main=yes
ac_cv_lib_lua_main=no
ac_cv_lib_mysqlclient_main=yes
ac_cv_lib_pthread_main=yes
ac_cv_lib_z_main=yes
ac_cv_objext=o
ac_cv_path_EGREP='/bin/grep -E'
ac_cv_path_GREP=/bin/grep
ac_cv_path_XML2_CONFIG=/usr/bin/xml2-config
ac_cv_path_install='/usr/bin/install -c'
ac_cv_path_mkdir=/bin/mkdir
ac_cv_prog_AWK=mawk
ac_cv_prog_CXXCPP='g++ -E'
ac_cv_prog_ac_ct_CXX=g++
ac_cv_prog_cxx_g=yes
ac_cv_prog_make_make_set=yes
ac_cv_struct_tm=time.h
ac_cv_type__Bool=no
ac_cv_type_ptrdiff_t=yes
ac_cv_type_size_t=yes
am_cv_CXX_dependencies_compiler_type=gcc3
am_cv_make_support_nested_variables=yes

## ----------------- ##
## Output variables. ##
## ----------------- ##

ACLOCAL='${SHELL} /home/otx/source/missing --run aclocal-1.11'
AMDEPBACKSLASH='\'
AMDEP_FALSE='#'
AMDEP_TRUE=''
AMTAR='$${TAR-tar}'
AM_BACKSLASH='\'
AM_DEFAULT_V='$(AM_DEFAULT_VERBOSITY)'
AM_DEFAULT_VERBOSITY='0'
AM_V='$(V)'
AUTOCONF='${SHELL} /home/otx/source/missing --run autoconf'
AUTOHEADER='${SHELL} /home/otx/source/missing --run autoheader'
AUTOMAKE='${SHELL} /home/otx/source/missing --run automake-1.11'
AWK='mawk'
CPPFLAGS=''
CXX='g++'
CXXCPP='g++ -E'
CXXDEPMODE='depmode=gcc3'
CXXFLAGS='-g -O2'
CYGPATH_W='echo'
DEBUG_FLAGS='-O3 -march=native -fomit-frame-pointer'
DEFS='-DHAVE_CONFIG_H'
DEPDIR='.deps'
ECHO_C=''
ECHO_N='-n'
ECHO_T=''
EGREP='/bin/grep -E'
EXEEXT=''
GREP='/bin/grep'
INSTALL_DATA='${INSTALL} -m 644'
INSTALL_PROGRAM='${INSTALL}'
INSTALL_SCRIPT='${INSTALL}'
INSTALL_STRIP_PROGRAM='$(install_sh) -c -s'
LDFLAGS=''
LIBOBJS=''
LIBS='-lmysqlclient -llua5.1 -lboost_filesystem-mt -lboost_date_time-mt -lboost_system-mt -lboost_regex-mt -lboost_thread-mt -lcrypto -lpthread -lz  -L/usr/lib -lxml2'
LOGIN_SERVER_FALSE=''
LOGIN_SERVER_TRUE='#'
LTLIBOBJS=''
LUA_CFLAGS=''
LUA_LIBS=''
MAKEINFO='${SHELL} /home/otx/source/missing --run makeinfo'
MKDIR_P='/bin/mkdir -p'
MYSQLPP_FLAGS=''
MYSQLPP_LIBS=''
MYSQL_FLAGS='-D__USE_MYSQL__'
MYSQL_LIBS='-lmysqlclient'
OBJEXT='o'
OPTIONAL_FLAGS='-D__WAR_SYSTEM__ -DNDEBUG -DBOOST_DISABLE_ASSERTS -D__ENABLE_SERVER_DIAGNOSTIC__ -D__ROOT_PERMISSION__ -D__ALT_LUA_PATH__'
OT_ADMIN_FALSE=''
OT_ADMIN_TRUE='#'
PACKAGE='otxserver'
PACKAGE_BUGREPORT=''
PACKAGE_NAME='OTXServer'
PACKAGE_STRING='OTXServer 2.X.Series'
PACKAGE_TARNAME='otxserver'
PACKAGE_URL=''
PACKAGE_VERSION='2.X.Series'
PATH_SEPARATOR=':'
PGSQL_FLAGS=''
PGSQL_LIBS=''
PKG_CONFIG=''
PKG_CONFIG_LIBDIR=''
PKG_CONFIG_PATH=''
PROFILER_FLAGS=''
SET_MAKE=''
SHELL='/bin/sh'
SQLITE_FLAGS=''
SQLITE_LIBS=''
STRIP=''
USE_MYSQLPP_FALSE=''
USE_MYSQLPP_TRUE='#'
USE_MYSQL_FALSE='#'
USE_MYSQL_TRUE=''
USE_PGSQL_FALSE=''
USE_PGSQL_TRUE='#'
USE_SQLITE_FALSE=''
USE_SQLITE_TRUE='#'
VERSION='2.X.Series'
XML2_CONFIG='/usr/bin/xml2-config'
XML_CPPFLAGS='-I/usr/include/libxml2'
XML_LIBS='-L/usr/lib -lxml2'
ac_ct_CXX='g++'
am__EXEEXT_FALSE=''
am__EXEEXT_TRUE='#'
am__fastdepCXX_FALSE='#'
am__fastdepCXX_TRUE=''
am__include='include'
am__isrc=''
am__leading_dot='.'
am__nodep='_no'
am__quote=''
am__tar='$${TAR-tar} chof - "$$tardir"'
am__untar='$${TAR-tar} xf -'
bindir='${exec_prefix}/bin'
build_alias=''
datadir='${datarootdir}'
datarootdir='${prefix}/share'
docdir='${datarootdir}/doc/${PACKAGE_TARNAME}'
dvidir='${docdir}'
exec_prefix='${prefix}'
host_alias=''
htmldir='${docdir}'
includedir='${prefix}/include'
infodir='${datarootdir}/info'
install_sh='${SHELL} /home/otx/source/install-sh'
libdir='${exec_prefix}/lib'
libexecdir='${exec_prefix}/libexec'
localedir='${datarootdir}/locale'
localstatedir='${prefix}/var'
mandir='${datarootdir}/man'
mkdir_p='/bin/mkdir -p'
oldincludedir='/usr/include'
pdfdir='${docdir}'
prefix='/usr/local'
program_transform_name='s,x,x,'
psdir='${docdir}'
sbindir='${exec_prefix}/sbin'
sharedstatedir='${prefix}/com'
sysconfdir='${prefix}/etc'
target_alias=''

## ----------- ##
## confdefs.h. ##
## ----------- ##

/* confdefs.h */
#define PACKAGE_NAME "OTXServer"
#define PACKAGE_TARNAME "otxserver"
#define PACKAGE_VERSION "2.X.Series"
#define PACKAGE_STRING "OTXServer 2.X.Series"
#define PACKAGE_BUGREPORT ""
#define PACKAGE_URL ""
#define PACKAGE "otxserver"
#define VERSION "2.X.Series"
#define STDC_HEADERS 1
#define HAVE_SYS_TYPES_H 1
#define HAVE_SYS_STAT_H 1
#define HAVE_STDLIB_H 1
#define HAVE_STRING_H 1
#define HAVE_MEMORY_H 1
#define HAVE_STRINGS_H 1
#define HAVE_INTTYPES_H 1
#define HAVE_STDINT_H 1
#define HAVE_UNISTD_H 1
#define HAVE_ARPA_INET_H 1
#define HAVE_NETDB_H 1
#define HAVE_NETINET_IN_H 1
#define HAVE_STDDEF_H 1
#define HAVE_STDINT_H 1
#define HAVE_STDLIB_H 1
#define HAVE_SYS_SOCKET_H 1
#define HAVE_SYS_TIMEB_H 1
#define HAVE_STDBOOL_H 1
#define HAVE_PTRDIFF_T 1
#define HAVE_STDLIB_H 1
#define HAVE_MALLOC 1
#define HAVE_STDLIB_H 1
#define HAVE_REALLOC 1
#define HAVE_CEIL 1
#define HAVE_FLOOR 1
#define HAVE_FTIME 1
#define HAVE_GETHOSTBYNAME 1
#define HAVE_GETHOSTNAME 1
#define HAVE_MEMSET 1
#define HAVE_POW 1
#define HAVE_SQRT 1
#define HAVE_STRCASECMP 1
#define HAVE_STRNCASECMP 1
#define HAVE_STRSTR 1
#define HAVE_STRTOL 1
#define HAVE_ZLIB_H 1
#define HAVE_LIBZ 1
#define HAVE_PTHREAD_H 1
#define HAVE_LIBPTHREAD 1
#define HAVE_OPENSSL_RSA_H 1
#define HAVE_OPENSSL_BN_H 1
#define HAVE_OPENSSL_ERR_H 1
#define HAVE_OPENSSL_SHA_H 1
#define HAVE_OPENSSL_MD5_H 1
#define HAVE_LIBCRYPTO 1
#define HAVE_LIBBOOST_THREAD_MT 1
#define HAVE_LIBBOOST_REGEX_MT 1
#define HAVE_LIBBOOST_SYSTEM_MT 1
#define HAVE_LIBBOOST_DATE_TIME_MT 1
#define HAVE_LIBBOOST_FILESYSTEM_MT 1
#define HAVE_LUA5_1_LUA_H 1
#define HAVE_LIBLUA5_1 1
#define HAVE_MYSQL_MYSQL_H 1
#define HAVE_LIBMYSQLCLIENT 1

configure: exit 0
